[[[-4.11981619e-12-2.25920690e-11j  7.52392096e-12+2.97419592e-12j
   -1.09766251e-06-1.20813658e-07j]
  [ 3.49564501e-13+4.88249248e-14j -3.27524634e-13-3.55788696e-14j
    3.79551348e-13+6.15711259e-14j]
  [ 2.61276405e-06+3.11771407e-07j -1.23446480e-11-3.00918367e-11j
    1.11669851e-11+6.57163429e-11j]]

 [[ 1.95036554e-13-5.44729295e-14j -2.18396897e-13-1.20443150e-13j
    3.02011489e-13+2.53820260e-13j]
  [-3.73786836e-12-2.17523905e-11j  7.95456680e-12+2.43825964e-12j
   -1.09766274e-06-1.20813820e-07j]
  [-1.22923171e-11-3.00398988e-11j  2.61280541e-06+3.11812211e-07j
   -2.23215190e-11-7.92308799e-12j]]

 [[-1.00244860e-08-1.27684778e-09j  1.95904130e-13+7.88913450e-14j
   -5.06929028e-13-2.19307821e-12j]
  [ 2.74379461e-13-8.92195865e-14j -1.00249468e-08-1.27717859e-09j
    1.12825334e-12+3.82351113e-13j]
  [ 7.85768455e-12+4.43444594e-11j -1.54784878e-11-5.41245556e-12j
    2.19532525e-06+s2.41627478e-07j]]]
 calculated the tensor             

z=0
centroid of tensor as choosen by Toykan.
[[[-1.14142068e-12-1.22490304e-12j  6.44320049e-13+5.72464351e-13j
   -8.72024563e-09-1.28710620e-09j]
  [-1.48439179e-13+1.28310725e-13j -7.25888344e-13-3.86622266e-13j
   -1.48373153e-13-5.31184795e-13j]
  [-1.01950738e-08-1.10179762e-09j  4.03561849e-13-5.87456280e-13j
   -6.65890993e-13+3.62410131e-13j]]

 [[-1.68794457e-13+2.93973119e-13j -7.97369907e-13-1.07913713e-12j
   -1.61206178e-13-5.99619004e-13j]
  [ 1.35349592e-13-1.84850333e-14j -9.65697853e-14-4.63395586e-13j
   -8.72045071e-09-1.28653390e-09j]
  [ 3.01021792e-13-6.35147265e-13j -1.01955472e-08-1.10166003e-09j
   -5.07947118e-13+5.15467188e-15j]]

 [[-1.00279534e-08-1.28135528e-09j -2.27889661e-14-5.64409394e-13j
   -2.06126843e-12-3.59188197e-12j]
  [-5.67458821e-14-5.09512420e-13j -1.00279884e-08-1.28092102e-09j
    6.66872268e-14-2.04468423e-13j]
  [ 1.00607109e-12+1.24338807e-12j -5.47750263e-13-1.09068766e-13j
    1.74406963e-08+2.57364011e-09j]]]
